Using pre-set license
Built from '2022.3/release' branch; Version is '2022.3.20f1 (61c2feb0970d) revision 6406910'; Using compiler version '192829333'; Build Type 'Release'
OS: 'Windows 11  (10.0.22631) 64bit Core' Language: 'en' Physical Memory: 16291 MB
BatchMode: 1, IsHumanControllingUs: 0, StartBugReporterOnCrash: 0, Is64bit: 1, IsPro: 1

COMMAND LINE ARGUMENTS:
D:\Unity\2022.3.20f1\Editor\Unity.exe
-adb2
-batchMode
-noUpm
-name
AssetImportWorker0
-projectPath
D:/Unity Projects/Helicopter Game
-logFile
Logs/AssetImportWorker0.log
-srvPort
57735
Successfully changed project path to: D:/Unity Projects/Helicopter Game
D:/Unity Projects/Helicopter Game
[UnityMemory] Configuration Parameters - Can be set up in boot.config
    "memorysetup-bucket-allocator-granularity=16"
    "memorysetup-bucket-allocator-bucket-count=8"
    "memorysetup-bucket-allocator-block-size=33554432"
    "memorysetup-bucket-allocator-block-count=8"
    "memorysetup-main-allocator-block-size=16777216"
    "memorysetup-thread-allocator-block-size=16777216"
    "memorysetup-gfx-main-allocator-block-size=16777216"
    "memorysetup-gfx-thread-allocator-block-size=16777216"
    "memorysetup-cache-allocator-block-size=4194304"
    "memorysetup-typetree-allocator-block-size=2097152"
    "memorysetup-profiler-bucket-allocator-granularity=16"
    "memorysetup-profiler-bucket-allocator-bucket-count=8"
    "memorysetup-profiler-bucket-allocator-block-size=33554432"
    "memorysetup-profiler-bucket-allocator-block-count=8"
    "memorysetup-profiler-allocator-block-size=16777216"
    "memorysetup-profiler-editor-allocator-block-size=1048576"
    "memorysetup-temp-allocator-size-main=16777216"
    "memorysetup-job-temp-allocator-block-size=2097152"
    "memorysetup-job-temp-allocator-block-size-background=1048576"
    "memorysetup-job-temp-allocator-reduction-small-platforms=262144"
    "memorysetup-allocator-temp-initial-block-size-main=262144"
    "memorysetup-allocator-temp-initial-block-size-worker=262144"
    "memorysetup-temp-allocator-size-background-worker=32768"
    "memorysetup-temp-allocator-size-job-worker=262144"
    "memorysetup-temp-allocator-size-preload-manager=33554432"
    "memorysetup-temp-allocator-size-nav-mesh-worker=65536"
    "memorysetup-temp-allocator-size-audio-worker=65536"
    "memorysetup-temp-allocator-size-cloud-worker=32768"
    "memorysetup-temp-allocator-size-gi-baking-worker=262144"
    "memorysetup-temp-allocator-size-gfx=262144"
Player connection [27864] Host "[IP] 192.168.154.77 [Port] 0 [Flags] 2 [Guid] 3317158289 [EditorId] 3317158289 [Version] 1048832 [Id] WindowsEditor(7,Faaz) [Debug] 1 [PackageName] WindowsEditor [ProjectName] Editor" joined multi-casting on [225.0.0.222:54997]...

Player connection [27864] Host "[IP] 192.168.154.77 [Port] 0 [Flags] 2 [Guid] 3317158289 [EditorId] 3317158289 [Version] 1048832 [Id] WindowsEditor(7,Faaz) [Debug] 1 [PackageName] WindowsEditor [ProjectName] Editor" joined alternative multi-casting on [225.0.0.222:34997]...

[Physics::Module] Initialized MultithreadedJobDispatcher with 7 workers.
Refreshing native plugins compatible for Editor in 9.53 ms, found 3 plugins.
Preloading 0 native plugins for Editor in 0.00 ms.
Initialize engine version: 2022.3.20f1 (61c2feb0970d)
[Subsystems] Discovering subsystems at path D:/Unity/2022.3.20f1/Editor/Data/Resources/UnitySubsystems
[Subsystems] Discovering subsystems at path D:/Unity Projects/Helicopter Game/Assets
GfxDevice: creating device client; threaded=0; jobified=0
Direct3D:
    Version:  Direct3D 11.0 [level 11.1]
    Renderer: NVIDIA GeForce GTX 1660 Ti (ID=0x2191)
    Vendor:   NVIDIA
    VRAM:     5966 MB
    Driver:   31.0.15.5176
Initialize mono
Mono path[0] = 'D:/Unity/2022.3.20f1/Editor/Data/Managed'
Mono path[1] = 'D:/Unity/2022.3.20f1/Editor/Data/MonoBleedingEdge/lib/mono/unityjit-win32'
Mono config path = 'D:/Unity/2022.3.20f1/Editor/Data/MonoBleedingEdge/etc'
Using monoOptions --debugger-agent=transport=dt_socket,embedding=1,server=y,suspend=n,address=127.0.0.1:56928
Begin MonoManager ReloadAssembly
Registering precompiled unity dll's ...
Register platform support module: D:/Unity/2022.3.20f1/Editor/Data/PlaybackEngines/AndroidPlayer/UnityEditor.Android.Extensions.dll
Register platform support module: D:/Unity/2022.3.20f1/Editor/Data/PlaybackEngines/WindowsStandaloneSupport/UnityEditor.WindowsStandalone.Extensions.dll
Registered in 0.004209 seconds.
- Loaded All Assemblies, in  0.493 seconds
Native extension for WindowsStandalone target not found
Native extension for Android target not found
Android Extension - Scanning For ADB Devices 350 ms
Mono: successfully reloaded assembly
- Finished resetting the current domain, in  0.764 seconds
Domain Reload Profiling: 1257ms
	BeginReloadAssembly (153ms)
		ExecutionOrderSort (0ms)
		DisableScriptedObjects (0ms)
		BackupInstance (0ms)
		ReleaseScriptingObjects (0ms)
		CreateAndSetChildDomain (1ms)
	RebuildCommonClasses (55ms)
	RebuildNativeTypeToScriptingClass (15ms)
	initialDomainReloadingComplete (70ms)
	LoadAllAssembliesAndSetupDomain (200ms)
		LoadAssemblies (153ms)
		RebuildTransferFunctionScriptingTraits (0ms)
		AnalyzeDomain (196ms)
			TypeCache.Refresh (195ms)
				TypeCache.ScanAssembly (178ms)
			ScanForSourceGeneratedMonoScriptInfo (0ms)
			ResolveRequiredComponents (1ms)
	FinalizeReload (765ms)
		ReleaseScriptCaches (0ms)
		RebuildScriptCaches (0ms)
		SetupLoadedEditorAssemblies (684ms)
			LogAssemblyErrors (0ms)
			InitializePlatformSupportModulesInManaged (473ms)
			SetLoadedEditorAssemblies (5ms)
			RefreshPlugins (0ms)
			BeforeProcessingInitializeOnLoad (3ms)
			ProcessInitializeOnLoadAttributes (142ms)
			ProcessInitializeOnLoadMethodAttributes (61ms)
			AfterProcessingInitializeOnLoad (0ms)
			EditorAssembliesLoaded (0ms)
		ExecutionOrderSort2 (0ms)
		AwakeInstancesAfterBackupRestoration (0ms)
========================================================================
Worker process is ready to serve import requests
Begin MonoManager ReloadAssembly
- Loaded All Assemblies, in  1.329 seconds
Refreshing native plugins compatible for Editor in 3.01 ms, found 3 plugins.
Native extension for WindowsStandalone target not found
Native extension for Android target not found
Package Manager log level set to [2]
[Package Manager] Server::EnsureServerProcessIsRunning -- launch failed, reason: Unity was launched with the -noUpm command-line argument
[Package Manager] UpmClient::Send -- Unable to send message (not connected to UPM process).
[Package Manager] Cannot connect to Unity Package Manager local server
Mono: successfully reloaded assembly
- Finished resetting the current domain, in  1.269 seconds
Domain Reload Profiling: 2599ms
	BeginReloadAssembly (353ms)
		ExecutionOrderSort (0ms)
		DisableScriptedObjects (14ms)
		BackupInstance (0ms)
		ReleaseScriptingObjects (0ms)
		CreateAndSetChildDomain (48ms)
	RebuildCommonClasses (81ms)
	RebuildNativeTypeToScriptingClass (26ms)
	initialDomainReloadingComplete (84ms)
	LoadAllAssembliesAndSetupDomain (784ms)
		LoadAssemblies (755ms)
		RebuildTransferFunctionScriptingTraits (0ms)
		AnalyzeDomain (233ms)
			TypeCache.Refresh (200ms)
				TypeCache.ScanAssembly (181ms)
			ScanForSourceGeneratedMonoScriptInfo (18ms)
			ResolveRequiredComponents (12ms)
	FinalizeReload (1271ms)
		ReleaseScriptCaches (0ms)
		RebuildScriptCaches (0ms)
		SetupLoadedEditorAssemblies (989ms)
			LogAssemblyErrors (0ms)
			InitializePlatformSupportModulesInManaged (35ms)
			SetLoadedEditorAssemblies (8ms)
			RefreshPlugins (0ms)
			BeforeProcessingInitializeOnLoad (121ms)
			ProcessInitializeOnLoadAttributes (704ms)
			ProcessInitializeOnLoadMethodAttributes (113ms)
			AfterProcessingInitializeOnLoad (8ms)
			EditorAssembliesLoaded (1ms)
		ExecutionOrderSort2 (0ms)
		AwakeInstancesAfterBackupRestoration (29ms)
Launched and connected shader compiler UnityShaderCompiler.exe after 0.06 seconds
Refreshing native plugins compatible for Editor in 2.98 ms, found 3 plugins.
Preloading 0 native plugins for Editor in 0.00 ms.
Unloading 3324 Unused Serialized files (Serialized files now loaded: 0)
Unloading 36 unused Assets / (0.7 MB). Loaded Objects now: 3813.
Memory consumption went from 163.6 MB to 162.9 MB.
Total: 5.664000 ms (FindLiveObjects: 0.391600 ms CreateObjectMapping: 0.339100 ms MarkObjects: 4.348300 ms  DeleteObjects: 0.583400 ms)

AssetImportParameters requested are different than current active one (requested -> active):
  custom:scripting/monoscript/fileName/MobileInput.cs: dfa415439f330b7749adb2ef7567c3e4 -> 511bd09bacea9cb5797fc206905eb902
  custom:scripting/monoscript/fileName/Water.cs: b8c0dab9600ad6570a1eea8ef24aa664 -> 8db8d3ed6da237e600e1c935b6e69492
  custom:scripting/monoscript/fileName/InputAxisScrollbar.cs: ce23cb16d4e46181bfcdc67e0abad940 -> 19e01a48c21413aad282ab1904c7dffe
  custom:container-demuxer-ogg: 62fdf1f143b41e24485cea50d1cbac27 -> 
  custom:scripting/monoscript/fileName/PlanarReflectionEditor.cs: ed94d3b3f05fd5fc975e024a9f9d2d2b -> 2cbe2a53ad6132b1defa1e3124b0e0b0
  custom:scripting/monoscript/fileName/AeroplaneUserControl4Axis.cs: 4f06f4ef700dd439a594dbbc036b9fa3 -> 04a6c7f985e0594ebb5cfdbe8f73efbc
  custom:scripting/monoscript/fileName/ActivateTrigger.cs: c94789aa9e8004cad1e54b531012d83a -> b6ca824953b9f965fe41f62da66c2079
  custom:scripting/monoscript/fileName/CarAIControl.cs: d1473508a61a7c22fa581f303c83146a -> 83efd5c5727daa63853b31b1b38ecf5b
  custom:scripting/monoscript/fileName/WaypointCircuit.cs: 54e952fb6b763eca02bad0728655deb7 -> 00ba5954eabc21f4831076a5b88e4e1e
  custom:scripting/monoscript/fileName/ParticleSystemDestroyer.cs: e9db870dc4c33b83d7965fdc6fe482f5 -> fe56fb9420f986cce08c4298d2d9a268
  custom:scripting/monoscript/fileName/LandingGear.cs: 7fb64bfd9e273053d29150adadac6d16 -> beaaa7763e1f747aa7385d646d099a4d
  custom:scripting/monoscript/fileName/ExplosionPhysicsForce.cs: e3d1ad6abc1a34f5a9fd7c32b23969ac -> 43a2cbc4b7805ea1d00e9b25a4f23a5c
  custom:scripting/monoscript/fileName/CrossPlatformInputInitialize.cs: 957a994b43bb271adc778fbadd721ef1 -> 6043bc8b848b06afc139c6f0994380fb
  custom:scripting/monoscript/fileName/CrossPlatformInputManager.cs: a6a27da3c2613aab4b889711813fe29f -> 9954bb812d4809af37a6af0cbee92f91
  custom:scripting/monoscript/fileName/DragRigidbody.cs: af6487145851a9f92f2704a8e0948d6e -> 2dc2cdf71ebbb8af5d9fdb982a651149
  custom:video-codec-MediaFoundation-h265: 746d11721c4dcdbdad8f713fa42b33f4 -> 
  custom:scripting/monoscript/fileName/GerstnerDisplace.cs: 58ca0f7f13edd6f479495063738efd90 -> d1bfcca62942695b1f143ce55553f6d8
  custom:scripting/monoscript/fileName/SmokeParticles.cs: 5e47247cb641abf97e56ce594b12e84f -> 965c7beea8e5e7b36429c7dbb4e8a73a
  custom:scripting/monoscript/fileName/PlanarReflection.cs: ceeb4349c304b91fba594321f7d48d1d -> be3556f4a33c0d9a401688412e0cb007
  custom:video-decoder-ogg-theora: a1e56fd34408186e4bbccfd4996cb3dc -> 
  custom:scripting/monoscript/fileName/WaterBasic.cs: af519581c9b5d0d11a445284aee4adb3 -> 704f1a53514aa297de8f42e8df373737
  custom:scripting/monoscript/fileName/WaterBaseEditor.cs: 716a5ceb078ae0e05ad78839c549060b -> 273997e02d5761106d10bfb713457221
  custom:framework-win-MediaFoundation: 216162199b28c13a410421893ffa2e32 -> 
  custom:scripting/monoscript/fileName/AeroplaneAudio.cs: f7f5e167200e1cab79cb101583c0f507 -> 7677d403036312957b66a3483fef8d54
  custom:scripting/monoscript/fileName/Camera2DFollow.cs: 36b0e7285d6f6f90fc4dbbcbf9fd584d -> 379f7e84117d755c8ceedf679e185600
  custom:scripting/monoscript/fileName/TouchPad.cs: 71af049078ebd826d8919ba90a4412d3 -> 9eb2b0ed12a00da74d186896a263843d
  custom:scripting/monoscript/fileName/TiltInput.cs: 298cab2ca5ef1ae659d7256d2dbeb1ed -> 54dff3f4cb02b2f6043a493eb2c750da
  custom:scripting/monoscript/fileName/RigidbodyFirstPersonController.cs: 303e518c916e9011e00a96a1504f3543 -> 02871851062228ab20ab8594c31d3ba7
  custom:scripting/monoscript/fileName/SmoothFollow.cs: a07fd7df12bc7fba739834867140f167 -> 0a6d95735a06b25d592f5ccf77fc75ec
  custom:scripting/monoscript/fileName/Ball.cs: c405c7c486f8c791b69a838bad56931d -> a482ded13a8f29464ca5409bdf5309d5
  custom:scripting/monoscript/fileName/ExtinguishableParticleSystem.cs: e4f67cb5c21ad9e1a057261e7518ba44 -> 113f8d78b910435e98d9a70bff84f18b
  custom:CustomObjectIndexerAttribute: 6d391050e5a25f67b0a2c618074f2cd9 -> 
  custom:scripting/monoscript/fileName/AICharacterControl.cs: a5d08ec5093687a59363b0e1fe1fbbf8 -> 01e235c959d6fdedd99b4244d5d6a8ce
  custom:scripting/monoscript/fileName/DynamicShadowSettings.cs: 325596f0baf85da0d965fea14b11bb8b -> ae32ad9f293d14fb8163c339690861ae
  custom:scripting/monoscript/fileName/CurveControlledBob.cs: 90e86216bd5f53d9fe3087ae7bf389f1 -> 12930a4e487bcbf21a05163889a1af1b
  custom:scripting/monoscript/fileName/AutoMobileShaderSwitch.cs: e55bd94d791efdfd8def29f52dc8447b -> 63abf8f9cbf02a50900f6f816fa7085e
  custom:scripting/monoscript/fileName/AlphaButtonClickMask.cs: 0e8b09d4b0d299b77424ad90e670a9d2 -> 26bb61b793cf3baf34f2d3c8c0cffa5b
  custom:scripting/monoscript/fileName/CarUserControl.cs: 0f9d03ad84d4a18a367e665baa6a78af -> 8b6e05ae059ac7eb1b6135a433d4ec8b
  custom:container-demuxer-webm: 4f35f7cbe854078d1ac9338744f61a02 -> 
  custom:scripting/monoscript/fileName/SpecularLightingEditor.cs: 8629f86e1ee9f2e08dfb5eddbab71070 -> 8f89c80de39547bcd93b800da50f7c6b
  custom:scripting/monoscript/fileName/StandaloneInput.cs: 8cfda68f78df3b7dc3040fdb29fc2cd1 -> 932e76a2af83477983ee6935c18ba46a
  custom:scripting/monoscript/fileName/MeshContainer.cs: cd90c1428e9a22c75e32cf6f5df9eca3 -> bc3b1c09cbfa0d86af4379db982603a4
  custom:scripting/monoscript/fileName/CarSelfRighting.cs: 88db1e19f2bf5b2535e6ed223cef213a -> 39f735d8db5cf4b9e5020c92359ee556
  custom:scripting/monoscript/fileName/AbstractTargetFollower.cs: bd8be3102d90dc7625e90c699b9ce143 -> 1b12d4e5bad384cecf760198c0fe682b
  custom:scripting/monoscript/fileName/JetParticleEffect.cs: 9e1d229fcfd5effa5ec55873fa75e9c8 -> d65492e3a2bf0ca4aa369f255d3ca97c
  custom:scripting/monoscript/fileName/FOVKick.cs: c76896347c620802192507d0a92d05a3 -> ddad5a39bcd032748cf21a331f5114dc
  custom:scripting/monoscript/fileName/TimedObjectActivator.cs: 25495e754d3d277d8e763837b64bf2ba -> 00f064847d74b6a022b005b86fedcce3
  custom:scripting/monoscript/fileName/CameraFollow.cs: a051181a8942461b86eabf953d0b997b -> 5bf9d04fa9deecdd96a86c06b4a4a1a1
  custom:scripting/monoscript/fileName/AutoCam.cs: 464f4516cbb6dd097ab3ec4329345f37 -> 4110df789fa053b819f0296b9e7c86c8
  custom:scripting/monoscript/fileName/WaterBase.cs: 1c71b03efcf2702f16d11531fb6cc346 -> d2e4cd9cfabdfbbc1ad915427612215f
  custom:scripting/monoscript/fileName/PivotBasedCameraRig.cs: 78e2e6573322fcc55af450266306de6e -> a188be8955a2d92ac1137521d64806a6
  custom:scripting/monoscript/fileName/WaypointProgressTracker.cs: fb6262ee8f74f6dc3758b58e5ee18955 -> f3c7ac739db1427b6cc1fbcd1a7afec1
  custom:scripting/monoscript/fileName/ThirdPersonCharacter.cs: 2bfe283923f980e64bf82c42cd6513ec -> 375f363547d43e2d1bc7aef90e797c4f
  custom:scripting/monoscript/fileName/WaterEditorUtility.cs: 9e04db570781127f08ded71ac3abac1d -> 4fd51c465fe6ee65305dd59f1869f78c
  custom:scripting/monoscript/fileName/SimpleMouseRotator.cs: 9ea47a4777a3a00316a90faf1a6f313d -> 1a8d3a5f13933f2819566968c140abb6
  custom:container-muxer-webm: aa71ff27fc2769a1b78a27578f13a17b -> 
  custom:scripting/monoscript/fileName/ParticleSystemMultiplier.cs: 8c5eeca5294173db54ffca6ac53ee34e -> 73e258f149fc72ee6db83a0694cdf954
  custom:scripting/monoscript/fileName/Explosive.cs: a3e9e45cef7576efad31592121584452 -> e75769bd79cff06e2c2c727b5fa241ec
  custom:scripting/monoscript/fileName/TargetFieldOfView.cs: eb0697c079ff84905b5591e4ef59be1b -> 988d7806f0b1eed538e44b25710c528e
  custom:video-decoder-webm-vp8: 9c59270c3fd7afecdb556c50c9e8de78 -> 
  custom:scripting/monoscript/fileName/AeroplaneAiControl.cs: 277de552b2c5a95e522df981fffd9b25 -> d74e99d8a42096727b01b2dd3f548bad
  custom:scripting/monoscript/fileName/CameraRefocus.cs: 2faffd18ce20d29396a11c7a26d00f0b -> 7ced0c6980b241d745dc8ee301c440fb
  custom:scripting/monoscript/fileName/CarAudio.cs: aa1ee0763de0da10633dea358d636dfa -> 053a5e872d22b85004a77b3e8f472997
  custom:SearchIndexIgnoredProperties: e643bd26f0fe6173181afceb89e7c659 -> 
  custom:scripting/monoscript/fileName/TimedObjectDestructor.cs: bce1a4bbcc9460c16af8171b93c92130 -> d735ba2818718835f220812a08017d00
  custom:AudioImporter_EditorPlatform: d09bf68614088b80899f8185d706f6e7 -> 
  custom:scripting/monoscript/fileName/MobileControlRig.cs: 3524fff44c8126dee0548f9b6ab19d53 -> 487a203917817042b0f2315a284a9173
  custom:scripting/monoscript/fileName/ExplosionFireAndDebris.cs: a4e22a51483f0fec49be7cdf8a5ea062 -> 50c491679126ebbea3deebc5c25381a4
  custom:scripting/monoscript/fileName/Mudguard.cs: 9b7eeb35af5a40c2a662dfedda0a637e -> dbdcd9bb60d7845baacc1028b7d72b4a
  custom:scripting/monoscript/fileName/SpecularLighting.cs: 93c5e1a52fcb85165d00142e35ec4a51 -> b382f2c523daf6ae6d653a61a6e585be
  custom:scripting/monoscript/fileName/ForcedReset.cs: 5e1472355f934ab888fa0985eb71dfb5 -> 1eda9c2ef8c1c85637c9eeecf5c43e4c
  custom:scripting/monoscript/fileName/HandHeldCam.cs: 102feb5496df0ea213d53b52e4ec816a -> 2bcdfe654b75eda7e0a3a9ef7f6d8dbf
  custom:scripting/monoscript/fileName/AeroplaneControlSurfaceAnimator.cs: 21c229dceda1b70b2049402b7e25af42 -> 99598bfedad55e57d9884858d51cb340
  custom:scripting/monoscript/fileName/EventSystemChecker.cs: 7bccd0826881aa97be03516a055e060b -> 02fecfdf59394940f83e8307a7e82d25
  custom:scripting/monoscript/fileName/VirtualInput.cs: e290279061a851c625fb61c863776a94 -> f6e6b5f2c1f9aa40fbe1f832334810e5
  custom:scripting/monoscript/fileName/AeroplaneUserControl2Axis.cs: 14515c9b506eace41dcfe397f462d26c -> 5a3768659852720072df8aa5b3efe6d7
  custom:scripting/monoscript/fileName/WaterHoseParticles.cs: 89cf57233bfde0071976179e25861599 -> c7c0c21d9ffe73d0996d1037b61400a2
  custom:scripting/monoscript/fileName/MouseLook.cs: 1413bf4c672f5aacfd2b457b6378eea6 -> e8ed8f91b20279e5a11987d8292971bc
  custom:scripting/monoscript/fileName/PlatformerCharacter2D.cs: 4addaf30ee88339a30951d7a983b30f0 -> d9e72a4e1c403c0ed239f68ce1e95ebd
  custom:scripting/monoscript/fileName/FPSCounter.cs: 18dc6752cae0b5546ca4b2dc0c7741f5 -> 93b6f324c58cc595de82900ba3b13903
  custom:scripting/monoscript/fileName/LerpControlledBob.cs: e3f8ea665fb8f4533c1004d43455b6e7 -> aaf125ae9fac4a806cde518abe5d59fe
  custom:scripting/monoscript/fileName/ButtonHandler.cs: e27d3f4c7505c394dad450c78dd6faf1 -> 1bef4d10a40b3ced65ef54374a4e90c1
  custom:scripting/monoscript/fileName/LookatTarget.cs: 9e63da8ebe26cdcba5195c51afad6d64 -> 897b240541ffb6ef8c23b54093be67ba
  custom:scripting/monoscript/fileName/AeroplaneController.cs: e802841375d991beb572904117152dec -> 0705843826ff0933aae40fbe1c50fec7
  custom:video-encoder-webm-vp8: eb34c28f22e8b96e1ab97ce403110664 -> 
  custom:scripting/monoscript/fileName/CarController.cs: 3071e90b0c01a2ded2b9094f4cf11779 -> e5283f775937486f48c40e581f9ea77d
  custom:audio-decoder-ogg-vorbis: bf7c407c2cedff20999df2af8eb42d56 -> 
  custom:scripting/monoscript/fileName/AfterburnerPhysicsForce.cs: d44e6931e774df3223b064db5fc768f4 -> 49a61f40a17b98cc369e513889adc4cf
  custom:scripting/monoscript/fileName/AeroplanePropellerAnimator.cs: 84bd209e8ba18a6550a24cd77f1667cd -> e5bc7bf92f597dc34f95ad0603438d27
  custom:scripting/monoscript/fileName/Displace.cs: debaf57a988ffced341fa9be9a1f467a -> 5336a6041b559d03fa2d99938ed6107e
  custom:scripting/monoscript/fileName/AxisTouchButton.cs: 31be56f36d53422fd33aa4f9a14e630a -> 623f912c40b13d6e87c87c76a8664efe
  custom:scripting/monoscript/fileName/BrakeLight.cs: d9c43423d60272a1a08a7f617ec6b90f -> 9cda5542142f8f67aa0d6ffca6587ce3
  custom:scripting/monoscript/fileName/FollowTarget.cs: 93be4c02dc2bee8af48e06a6c7c2e042 -> 0ee9479f240bbeafd308913525adf2c4
  custom:scripting/monoscript/fileName/Suspension.cs: d0fad4d3b288fb340503b94a9a30ea10 -> 68f403cf81ddb2886c2e624d2c3d03bd
  custom:scripting/monoscript/fileName/FireLight.cs: b74a4fa8a2202d735c0c1ea18b63e4e3 -> f7b54493553ff0cc1bcc16f06faa5bbd
  custom:scripting/monoscript/fileName/FirstPersonController.cs: 4fa5841f7a7dfdfcf291c3718c4ae3a2 -> 664d554d8064d35c37160fdb63cb5e69
  custom:scripting/monoscript/fileName/ProtectCameraFromWallClip.cs: ef7fc4ea61944018670342bc7b71227c -> dd0a442b2fa2241a799d3bb200fbfe99
  custom:scripting/monoscript/fileName/SkidTrail.cs: 95010d8327f7ec969197e1e10813347d -> 5ea821b729bbd4431861d0d6ff2d7103
  custom:scripting/monoscript/fileName/Joystick.cs: b54db918c885c01940a25acda1acd280 -> c8c36aa7ca698b81565f8e0436af6c80
  custom:scripting/monoscript/fileName/BallUserControl.cs: 9743cadab53965ad5e73baf18187d830 -> 7ae1a0e425a22fc11e93a5f3ab12cb43
  custom:scripting/monoscript/fileName/FreeLookCam.cs: ec7e447c8320099965c5f3bd81473d66 -> 0bcf2093c76524af920d1f34765a4551
  custom:audio-encoder-webm-vorbis: bf7c407c2cedff20999df2af8eb42d56 -> 
  custom:scripting/monoscript/fileName/PlatformSpecificContent.cs: 5abb8e8ef7a06ce1842fe9ff26eac2dd -> c39285762377f99a650081c9c45887fa
  custom:scripting/monoscript/fileName/AutoMoveAndRotate.cs: ca0e96f72f32239308122375a052b980 -> e4774f6c9e3b6091595f592ff2bdae1f
  custom:scripting/monoscript/fileName/WaterTile.cs: 0447e9d696de6e046464b5cef265f663 -> c206ca9080c390ec97beb05ad509b21d
  custom:scripting/monoscript/fileName/ThirdPersonUserControl.cs: e55dad970175c9485c04ecbb87a3ac80 -> 28bf8f95e536480a0a946b7bcf250830
  custom:scripting/monoscript/fileName/Hose.cs: c8fd2412a0d6a1fdbc6b0e572bd14e28 -> 41b4c7a6063e80327d0361f2c0ff9df8
  custom:scripting/monoscript/fileName/HeadBob.cs: fde5c6524c06827dce9419ce121f4f6b -> aae632eae18355dc54ddc0f83d3ca123
  custom:scripting/monoscript/fileName/ObjectResetter.cs: 037abf2de53ab0026436c32f7a941658 -> 35c1240b3ca34922ccd6e43f280e92f0
  custom:scripting/monoscript/fileName/GerstnerDisplaceEditor.cs: 72d35297308bd299cac852a206b722ae -> df18e4cf4d12d80e4a6b79a937e909c4
  custom:scripting/monoscript/fileName/Restarter.cs: f04be04f6655050adbb7cd8ed5faf27f -> f79fcdb63b9fa2bbd624deb1a0379f52
  custom:scripting/monoscript/fileName/Platformer2DUserControl.cs: a50f723067caa1c8938ae9953000bd49 -> 07310f4ac93a128f7f43b739d6660be9
  custom:scripting/monoscript/fileName/WheelEffects.cs: 3e8d23c4da089aaf7c65f9593b57f775 -> 0be2a05bbcda8a837c6b441d9637291d
  custom:scripting/precompiled-assembly-types:Assembly-CSharp-Editor-firstpass:  -> 6725a54e58da7ba2c117ba3e3b1fc317
  custom:scripting/precompiled-assembly-types:Assembly-CSharp-firstpass:  -> d94ce68829b7b5172d95a83534c7bdde
========================================================================
Received Import Request.
  Time since last request: 66115.653632 seconds.
  path: Assets/Standard Assets/Environment/SpeedTree/Broadleaf/Broadleaf_Desktop.spm
  artifactKey: Guid(c14138e4488d6db4bb46a8c5dc5b67ef) Importer(815301076,1909f56bfc062723c751e8b465ee728b)
Start importing Assets/Standard Assets/Environment/SpeedTree/Broadleaf/Broadleaf_Desktop.spm using Guid(c14138e4488d6db4bb46a8c5dc5b67ef) Importer(815301076,1909f56bfc062723c751e8b465ee728b)  -> (artifact id: '8c1309b33b348e9e37a8fa06f99dfd8a') in 0.299445 seconds
Number of updated asset objects reloaded before import = 0
Number of asset objects unloaded after import = 91
========================================================================
Received Import Request.
  Time since last request: 0.000040 seconds.
  path: Assets/Materials/Standard Assets/Vehicles/Aircraft/Models/AircraftFuselage.fbx
  artifactKey: Guid(4fea6053a1424d44daf193f09be2d491) Importer(815301076,1909f56bfc062723c751e8b465ee728b)
Start importing Assets/Materials/Standard Assets/Vehicles/Aircraft/Models/AircraftFuselage.fbx using Guid(4fea6053a1424d44daf193f09be2d491) Importer(815301076,1909f56bfc062723c751e8b465ee728b)  -> (artifact id: 'c267a7a0735327a82566bd64e17637fa') in 0.409594 seconds
Number of updated asset objects reloaded before import = 0
Number of asset objects unloaded after import = 32
========================================================================
Received Import Request.
  Time since last request: 0.000032 seconds.
  path: Assets/Standard Assets/Vehicles/Aircraft/Prefabs/AircraftJetAI.prefab
  artifactKey: Guid(0117aee71f32be14a97cd396acc168df) Importer(815301076,1909f56bfc062723c751e8b465ee728b)
Start importing Assets/Standard Assets/Vehicles/Aircraft/Prefabs/AircraftJetAI.prefab using Guid(0117aee71f32be14a97cd396acc168df) Importer(815301076,1909f56bfc062723c751e8b465ee728b)  -> (artifact id: 'd870404886c4c3ac9c7dd92b7244da67') in 0.223455 seconds
Number of updated asset objects reloaded before import = 0
Number of asset objects unloaded after import = 243
========================================================================
Received Import Request.
  Time since last request: 0.000036 seconds.
  path: Assets/Materials/Standard Assets/Vehicles/Aircraft/Prefabs/AircraftJetAI.prefab
  artifactKey: Guid(6f7604981ce4c064cbe5284c437c5699) Importer(815301076,1909f56bfc062723c751e8b465ee728b)
Start importing Assets/Materials/Standard Assets/Vehicles/Aircraft/Prefabs/AircraftJetAI.prefab using Guid(6f7604981ce4c064cbe5284c437c5699) Importer(815301076,1909f56bfc062723c751e8b465ee728b)  -> (artifact id: '7d12ababc1c89c26ec5b8cf635ff0e9e') in 0.105184 seconds
Number of updated asset objects reloaded before import = 0
Number of asset objects unloaded after import = 243
========================================================================
Received Import Request.
  Time since last request: 0.000026 seconds.
  path: Assets/Standard Assets/ParticleSystems/Prefabs/Afterburner.prefab
  artifactKey: Guid(a3891a02010f44749aee495f0319dcbb) Importer(815301076,1909f56bfc062723c751e8b465ee728b)
Start importing Assets/Standard Assets/ParticleSystems/Prefabs/Afterburner.prefab using Guid(a3891a02010f44749aee495f0319dcbb) Importer(815301076,1909f56bfc062723c751e8b465ee728b)  -> (artifact id: 'fdb14a44e190b40e7186c2157d2a5138') in 0.008476 seconds
Number of updated asset objects reloaded before import = 0
Number of asset objects unloaded after import = 13
========================================================================
Received Import Request.
  Time since last request: 9.921823 seconds.
  path: Assets/Standard Assets/Environment/SpeedTree/Conifer/Conifer_Desktop.spm
  artifactKey: Guid(f37a5deb413148442972f84b68fd297a) Importer(815301076,1909f56bfc062723c751e8b465ee728b)
Start importing Assets/Standard Assets/Environment/SpeedTree/Conifer/Conifer_Desktop.spm using Guid(f37a5deb413148442972f84b68fd297a) Importer(815301076,1909f56bfc062723c751e8b465ee728b)  -> (artifact id: 'e642fd695c9ecaab057e627aa564ab67') in 0.222108 seconds
Number of updated asset objects reloaded before import = 0
Number of asset objects unloaded after import = 72
========================================================================
Received Import Request.
  Time since last request: 60.775780 seconds.
  path: Assets/Materials/Standard Assets/Vehicles/Aircraft/Prefabs/AircraftPropeller.prefab
  artifactKey: Guid(7e1741de780e13f42a448fdb5b60c1e1) Importer(815301076,1909f56bfc062723c751e8b465ee728b)
Start importing Assets/Materials/Standard Assets/Vehicles/Aircraft/Prefabs/AircraftPropeller.prefab using Guid(7e1741de780e13f42a448fdb5b60c1e1) Importer(815301076,1909f56bfc062723c751e8b465ee728b)  -> (artifact id: '7e3422bb08f2f38303fbc1980a47578c') in 0.466786 seconds
Number of updated asset objects reloaded before import = 0
Number of asset objects unloaded after import = 209
========================================================================
Received Import Request.
  Time since last request: 0.218109 seconds.
  path: Assets/Materials/Standard Assets/Vehicles/Aircraft/Prefabs/AircraftPropellerAi.prefab
  artifactKey: Guid(cd707c1f484f43249bab272ac76a0174) Importer(815301076,1909f56bfc062723c751e8b465ee728b)
Start importing Assets/Materials/Standard Assets/Vehicles/Aircraft/Prefabs/AircraftPropellerAi.prefab using Guid(cd707c1f484f43249bab272ac76a0174) Importer(815301076,1909f56bfc062723c751e8b465ee728b)  -> (artifact id: '8dd450fe5f3a0c6028d397979dfd513e') in 0.316796 seconds
Number of updated asset objects reloaded before import = 0
Number of asset objects unloaded after import = 225
========================================================================
Received Import Request.
  Time since last request: 0.000023 seconds.
  path: Assets/Materials/Standard Assets/Vehicles/Aircraft/Models/AircraftWingsPropeller.fbx
  artifactKey: Guid(8fb5ebe73f3784e4fab98b15f1299e76) Importer(815301076,1909f56bfc062723c751e8b465ee728b)
Start importing Assets/Materials/Standard Assets/Vehicles/Aircraft/Models/AircraftWingsPropeller.fbx using Guid(8fb5ebe73f3784e4fab98b15f1299e76) Importer(815301076,1909f56bfc062723c751e8b465ee728b)  -> (artifact id: '90b37521c267090543700574672a384d') in 0.252401 seconds
Number of updated asset objects reloaded before import = 0
Number of asset objects unloaded after import = 99
========================================================================
Received Import Request.
  Time since last request: 0.000036 seconds.
  path: Assets/Materials/Standard Assets/Vehicles/Aircraft/Models/AircraftWingsJet.fbx
  artifactKey: Guid(63742edd796d522458d772b44affdf9b) Importer(815301076,1909f56bfc062723c751e8b465ee728b)
Start importing Assets/Materials/Standard Assets/Vehicles/Aircraft/Models/AircraftWingsJet.fbx using Guid(63742edd796d522458d772b44affdf9b) Importer(815301076,1909f56bfc062723c751e8b465ee728b)  -> (artifact id: 'e5dd8114e260adf8818854a65ba9aa73') in 0.190596 seconds
Number of updated asset objects reloaded before import = 0
Number of asset objects unloaded after import = 92
========================================================================
Received Import Request.
  Time since last request: 0.000020 seconds.
  path: Assets/Materials/Standard Assets/Effects/Projectors/Prefabs/BlobLightProjector.prefab
  artifactKey: Guid(21543d2b66928224f8a9536ff3811682) Importer(815301076,1909f56bfc062723c751e8b465ee728b)
Start importing Assets/Materials/Standard Assets/Effects/Projectors/Prefabs/BlobLightProjector.prefab using Guid(21543d2b66928224f8a9536ff3811682) Importer(815301076,1909f56bfc062723c751e8b465ee728b)  -> (artifact id: '2e354f20ac6a859210b213002c0af31a') in 0.002037 seconds
Number of updated asset objects reloaded before import = 0
Number of asset objects unloaded after import = 5
========================================================================
Received Import Request.
  Time since last request: 0.000012 seconds.
  path: Assets/Materials/Standard Assets/Characters/ThirdPersonCharacter/Prefabs/AIThirdPersonController.prefab
  artifactKey: Guid(54eb5844754051b40a918a84c33b7c1a) Importer(815301076,1909f56bfc062723c751e8b465ee728b)
Start importing Assets/Materials/Standard Assets/Characters/ThirdPersonCharacter/Prefabs/AIThirdPersonController.prefab using Guid(54eb5844754051b40a918a84c33b7c1a) Importer(815301076,1909f56bfc062723c751e8b465ee728b)  -> (artifact id: '3b9b569c4e1b40761619bae6dfe29187') in 0.143697 seconds
Number of updated asset objects reloaded before import = 0
Number of asset objects unloaded after import = 225
========================================================================
Received Import Request.
  Time since last request: 0.334210 seconds.
  path: Assets/Standard Assets/Effects/Projectors/Prefabs/BlobShadowProjector.prefab
  artifactKey: Guid(aca9e0bb17e25e74e87a38fc3e838eb2) Importer(815301076,1909f56bfc062723c751e8b465ee728b)
Start importing Assets/Standard Assets/Effects/Projectors/Prefabs/BlobShadowProjector.prefab using Guid(aca9e0bb17e25e74e87a38fc3e838eb2) Importer(815301076,1909f56bfc062723c751e8b465ee728b)  -> (artifact id: '38cd1f6999d7cf4cf7ffaf824e9a727d') in 0.006170 seconds
Number of updated asset objects reloaded before import = 0
Number of asset objects unloaded after import = 5
========================================================================
Received Import Request.
  Time since last request: 28.082023 seconds.
  path: Assets/Materials/Standard Assets/Environment/SpeedTree/Palm
  artifactKey: Guid(fccca0d181c493e46828f38365641574) Importer(815301076,1909f56bfc062723c751e8b465ee728b)
Start importing Assets/Materials/Standard Assets/Environment/SpeedTree/Palm using Guid(fccca0d181c493e46828f38365641574) Importer(815301076,1909f56bfc062723c751e8b465ee728b)  -> (artifact id: '3ce50cb07008c7c97df79c9e0ead5937') in 0.001111 seconds
Number of updated asset objects reloaded before import = 0
Number of asset objects unloaded after import = 0
========================================================================
Received Import Request.
  Time since last request: 0.188690 seconds.
  path: Assets/Materials/Standard Assets/Environment/SpeedTree/Palm/Palm_Desktop.spm
  artifactKey: Guid(d027af1092f6b434090f040565e7e656) Importer(815301076,1909f56bfc062723c751e8b465ee728b)
Start importing Assets/Materials/Standard Assets/Environment/SpeedTree/Palm/Palm_Desktop.spm using Guid(d027af1092f6b434090f040565e7e656) Importer(815301076,1909f56bfc062723c751e8b465ee728b)  -> (artifact id: '5d58466633cf1755de4a01dbbfc1852a') in 0.126074 seconds
Number of updated asset objects reloaded before import = 0
Number of asset objects unloaded after import = 53
========================================================================
Received Import Request.
  Time since last request: 0.000072 seconds.
  path: Assets/Materials/Standard Assets/Environment/SpeedTree/Palm/PalmBark_Detail_Normal.tga
  artifactKey: Guid(bf4c945c1f5a9b74bb15ab0c7f238617) Importer(815301076,1909f56bfc062723c751e8b465ee728b)
Start importing Assets/Materials/Standard Assets/Environment/SpeedTree/Palm/PalmBark_Detail_Normal.tga using Guid(bf4c945c1f5a9b74bb15ab0c7f238617) Importer(815301076,1909f56bfc062723c751e8b465ee728b)  -> (artifact id: '9fa2131f58bf17af3f0968c1ba68da40') in 0.035008 seconds
Number of updated asset objects reloaded before import = 0
Number of asset objects unloaded after import = 2
========================================================================
Received Import Request.
  Time since last request: 0.000043 seconds.
  path: Assets/Materials/Standard Assets/Environment/SpeedTree/Palm/Palm_Desktop_Atlas_Normal.tga
  artifactKey: Guid(20c65bc5a7d28f54c9ca69569d77706d) Importer(815301076,1909f56bfc062723c751e8b465ee728b)
Start importing Assets/Materials/Standard Assets/Environment/SpeedTree/Palm/Palm_Desktop_Atlas_Normal.tga using Guid(20c65bc5a7d28f54c9ca69569d77706d) Importer(815301076,1909f56bfc062723c751e8b465ee728b)  -> (artifact id: 'b43c2fc7440f05dfef8b81fb4082b6f4') in 0.035024 seconds
Number of updated asset objects reloaded before import = 0
Number of asset objects unloaded after import = 2
========================================================================
Received Import Request.
  Time since last request: 0.000031 seconds.
  path: Assets/Materials/Standard Assets/Environment/SpeedTree/Palm/PalmBark_Normal.tga
  artifactKey: Guid(f15241bc5a839ea46bf857431081d715) Importer(815301076,1909f56bfc062723c751e8b465ee728b)
Start importing Assets/Materials/Standard Assets/Environment/SpeedTree/Palm/PalmBark_Normal.tga using Guid(f15241bc5a839ea46bf857431081d715) Importer(815301076,1909f56bfc062723c751e8b465ee728b)  -> (artifact id: 'e25f0a6bcd0676e63fc6ced4160515e1') in 0.021739 seconds
Number of updated asset objects reloaded before import = 0
Number of asset objects unloaded after import = 2
========================================================================
Received Import Request.
  Time since last request: 0.000146 seconds.
  path: Assets/Materials/Standard Assets/Environment/SpeedTree/Palm/Palm_Desktop_Atlas_Billboards_Normal.tga
  artifactKey: Guid(bf8162ab40cfad34cac743bdc2939f99) Importer(815301076,1909f56bfc062723c751e8b465ee728b)
Start importing Assets/Materials/Standard Assets/Environment/SpeedTree/Palm/Palm_Desktop_Atlas_Billboards_Normal.tga using Guid(bf8162ab40cfad34cac743bdc2939f99) Importer(815301076,1909f56bfc062723c751e8b465ee728b)  -> (artifact id: 'c804255648288485b2497cae9df3ce27') in 0.020858 seconds
Number of updated asset objects reloaded before import = 0
Number of asset objects unloaded after import = 2
========================================================================
Received Import Request.
  Time since last request: 9.874445 seconds.
  path: Assets/Materials/Standard Assets/Environment/TerrainAssets/BillboardTextures
  artifactKey: Guid(cba4562cece794697b418ce8e7c04b3c) Importer(815301076,1909f56bfc062723c751e8b465ee728b)
Start importing Assets/Materials/Standard Assets/Environment/TerrainAssets/BillboardTextures using Guid(cba4562cece794697b418ce8e7c04b3c) Importer(815301076,1909f56bfc062723c751e8b465ee728b)  -> (artifact id: 'ec8f3eb79601de189818b4be6c9b14c1') in 0.000807 seconds
Number of updated asset objects reloaded before import = 0
Number of asset objects unloaded after import = 0
========================================================================
Received Import Request.
  Time since last request: 0.185114 seconds.
  path: Assets/Materials/Standard Assets/Environment/TerrainAssets/BillboardTextures/GrassFrond01AlbedoAlpha.psd
  artifactKey: Guid(2c528fec5d95e4ac28cf46399b887662) Importer(815301076,1909f56bfc062723c751e8b465ee728b)
Start importing Assets/Materials/Standard Assets/Environment/TerrainAssets/BillboardTextures/GrassFrond01AlbedoAlpha.psd using Guid(2c528fec5d95e4ac28cf46399b887662) Importer(815301076,1909f56bfc062723c751e8b465ee728b)  -> (artifact id: 'ddb4691df8ee0179ed4698ce0c744f30') in 0.039138 seconds
Number of updated asset objects reloaded before import = 0
Number of asset objects unloaded after import = 2
========================================================================
Received Import Request.
  Time since last request: 46.298549 seconds.
  path: Assets/Materials/Standard Assets/CrossPlatformInput/Prefabs/CarTiltControls.prefab
  artifactKey: Guid(174090ae7f9eff84abe76f0ff062efac) Importer(815301076,1909f56bfc062723c751e8b465ee728b)
Start importing Assets/Materials/Standard Assets/CrossPlatformInput/Prefabs/CarTiltControls.prefab using Guid(174090ae7f9eff84abe76f0ff062efac) Importer(815301076,1909f56bfc062723c751e8b465ee728b)  -> (artifact id: '5308e6d98f3d80d1655c9ab186a31d6a') in 0.058917 seconds
Number of updated asset objects reloaded before import = 0
Number of asset objects unloaded after import = 32
========================================================================
Received Import Request.
  Time since last request: 0.000114 seconds.
  path: Assets/Standard Assets/2D/Prefabs/CollisionSlider.prefab
  artifactKey: Guid(18534180e92b1cf4481442d088b1ddc2) Importer(815301076,1909f56bfc062723c751e8b465ee728b)
Start importing Assets/Standard Assets/2D/Prefabs/CollisionSlider.prefab using Guid(18534180e92b1cf4481442d088b1ddc2) Importer(815301076,1909f56bfc062723c751e8b465ee728b)  -> (artifact id: 'ceef1eb77c257a7acb0d656ca7759fa7') in 0.006377 seconds
Number of updated asset objects reloaded before import = 0
Number of asset objects unloaded after import = 5
========================================================================
Received Import Request.
  Time since last request: 2.007069 seconds.
  path: Assets/Standard Assets/CrossPlatformInput/Prefabs/DualTouchControls.prefab
  artifactKey: Guid(50a0cd2b0f90fcd468fa13a4994d0fac) Importer(815301076,1909f56bfc062723c751e8b465ee728b)
Start importing Assets/Standard Assets/CrossPlatformInput/Prefabs/DualTouchControls.prefab using Guid(50a0cd2b0f90fcd468fa13a4994d0fac) Importer(815301076,1909f56bfc062723c751e8b465ee728b)  -> (artifact id: '7c4e757f2363f9c7d286f12cdfef834e') in 0.039538 seconds
Number of updated asset objects reloaded before import = 0
Number of asset objects unloaded after import = 41
========================================================================
Received Import Request.
  Time since last request: 8.905801 seconds.
  path: Assets/Materials/Standard Assets/Effects/Projectors/Prefabs/GridProjector.prefab
  artifactKey: Guid(46b12845355544642bf8f9d0cb373af7) Importer(815301076,1909f56bfc062723c751e8b465ee728b)
Start importing Assets/Materials/Standard Assets/Effects/Projectors/Prefabs/GridProjector.prefab using Guid(46b12845355544642bf8f9d0cb373af7) Importer(815301076,1909f56bfc062723c751e8b465ee728b)  -> (artifact id: 'c46bcf04d1bbfc994da074eb37ad0f22') in 0.007420 seconds
Number of updated asset objects reloaded before import = 0
Number of asset objects unloaded after import = 5
========================================================================
Received Import Request.
  Time since last request: 5.985941 seconds.
  path: Assets/Standard Assets/Prototyping/Prefabs/BlockPrototype04x04x04.prefab
  artifactKey: Guid(9a4ad001ef1a96944815e702c981ec42) Importer(815301076,1909f56bfc062723c751e8b465ee728b)
Start importing Assets/Standard Assets/Prototyping/Prefabs/BlockPrototype04x04x04.prefab using Guid(9a4ad001ef1a96944815e702c981ec42) Importer(815301076,1909f56bfc062723c751e8b465ee728b)  -> (artifact id: 'b63aac75600a3584ef3d1429cbe8e82f') in 0.591756 seconds
Number of updated asset objects reloaded before import = 0
Number of asset objects unloaded after import = 11
========================================================================
Received Import Request.
  Time since last request: 0.000038 seconds.
  path: Assets/Standard Assets/Vehicles/Car/Prefabs/CarWaypointBased.prefab
  artifactKey: Guid(0f2fab55e3e99c04fa96544c7596b16e) Importer(815301076,1909f56bfc062723c751e8b465ee728b)
Start importing Assets/Standard Assets/Vehicles/Car/Prefabs/CarWaypointBased.prefab using Guid(0f2fab55e3e99c04fa96544c7596b16e) Importer(815301076,1909f56bfc062723c751e8b465ee728b)  -> (artifact id: '246a2673dc84c544a69e8d5563b4937b') in 0.316297 seconds
Number of updated asset objects reloaded before import = 0
Number of asset objects unloaded after import = 159
========================================================================
Received Import Request.
  Time since last request: 0.000036 seconds.
  path: Assets/Materials/Standard Assets/Prototyping/Prefabs/BlockPrototype04x04x04.prefab
  artifactKey: Guid(ab33e6080ae416b4d899f39fa8951b98) Importer(815301076,1909f56bfc062723c751e8b465ee728b)
Start importing Assets/Materials/Standard Assets/Prototyping/Prefabs/BlockPrototype04x04x04.prefab using Guid(ab33e6080ae416b4d899f39fa8951b98) Importer(815301076,1909f56bfc062723c751e8b465ee728b)  -> (artifact id: 'a983607fc5e49c1b0758d9833857f14c') in 0.013173 seconds
Number of updated asset objects reloaded before import = 0
Number of asset objects unloaded after import = 11
========================================================================
Received Import Request.
  Time since last request: 0.000016 seconds.
  path: Assets/Materials/Standard Assets/Vehicles/Car/Prefabs/CarWaypointBased.prefab
  artifactKey: Guid(0fb4610dba67fc24cb2a6674fb155fc1) Importer(815301076,1909f56bfc062723c751e8b465ee728b)
Start importing Assets/Materials/Standard Assets/Vehicles/Car/Prefabs/CarWaypointBased.prefab using Guid(0fb4610dba67fc24cb2a6674fb155fc1) Importer(815301076,1909f56bfc062723c751e8b465ee728b)  -> (artifact id: 'd60d3a3600340ef7445d09720d565731') in 0.027718 seconds
Number of updated asset objects reloaded before import = 0
Number of asset objects unloaded after import = 159
========================================================================
Received Import Request.
  Time since last request: 0.022885 seconds.
  path: Assets/Materials/Standard Assets/Cameras/Prefabs/CctvCamera.prefab
  artifactKey: Guid(851d11542d51c464e89acf6875599172) Importer(815301076,1909f56bfc062723c751e8b465ee728b)
Start importing Assets/Materials/Standard Assets/Cameras/Prefabs/CctvCamera.prefab using Guid(851d11542d51c464e89acf6875599172) Importer(815301076,1909f56bfc062723c751e8b465ee728b)  -> (artifact id: '14bd9edd21d949f5df8ad1bdfeb50228') in 0.003228 seconds
Number of updated asset objects reloaded before import = 0
Number of asset objects unloaded after import = 9
========================================================================
Received Import Request.
  Time since last request: 0.000073 seconds.
  path: Assets/Materials/Standard Assets/2D/Prefabs/CharacterRobotBoy.prefab
  artifactKey: Guid(87a2357765801c34292d6718d8b4d770) Importer(815301076,1909f56bfc062723c751e8b465ee728b)
Start importing Assets/Materials/Standard Assets/2D/Prefabs/CharacterRobotBoy.prefab using Guid(87a2357765801c34292d6718d8b4d770) Importer(815301076,1909f56bfc062723c751e8b465ee728b)  -> (artifact id: '75fc59592b0f2f302d428dc3c0557da3') in 0.103787 seconds
Number of updated asset objects reloaded before import = 0
Number of asset objects unloaded after import = 153
========================================================================
Received Import Request.
  Time since last request: 0.737293 seconds.
  path: Assets/Standard Assets/2D/Prefabs/CratePink.prefab
  artifactKey: Guid(8bbb4d35c8a78a042a76e837433a532d) Importer(815301076,1909f56bfc062723c751e8b465ee728b)
Start importing Assets/Standard Assets/2D/Prefabs/CratePink.prefab using Guid(8bbb4d35c8a78a042a76e837433a532d) Importer(815301076,1909f56bfc062723c751e8b465ee728b)  -> (artifact id: 'd0618874be78c15720e3eecf96a6387a') in 0.214606 seconds
Number of updated asset objects reloaded before import = 0
Number of asset objects unloaded after import = 11
========================================================================
Received Import Request.
  Time since last request: 0.000045 seconds.
  path: Assets/Standard Assets/Prototyping/Models/CubePrototype04x04x04.fbx
  artifactKey: Guid(3f06e5bbda0c9c845b41a305fa7d2394) Importer(815301076,1909f56bfc062723c751e8b465ee728b)
Start importing Assets/Standard Assets/Prototyping/Models/CubePrototype04x04x04.fbx using Guid(3f06e5bbda0c9c845b41a305fa7d2394) Importer(815301076,1909f56bfc062723c751e8b465ee728b)  -> (artifact id: '5f046faa7422d5d41038839702930346') in 0.047958 seconds
Number of updated asset objects reloaded before import = 0
Number of asset objects unloaded after import = 10
========================================================================
Received Import Request.
  Time since last request: 0.000058 seconds.
  path: Assets/Materials/Standard Assets/Prototyping/Models/CubePrototype02x02x02.fbx
  artifactKey: Guid(df4796b594b970842b69211cb0078c5d) Importer(815301076,1909f56bfc062723c751e8b465ee728b)
Start importing Assets/Materials/Standard Assets/Prototyping/Models/CubePrototype02x02x02.fbx using Guid(df4796b594b970842b69211cb0078c5d) Importer(815301076,1909f56bfc062723c751e8b465ee728b)  -> (artifact id: '8e5cc84da27e82a09d626ac8e4552d87') in 0.042160 seconds
Number of updated asset objects reloaded before import = 0
Number of asset objects unloaded after import = 10
========================================================================
Received Import Request.
  Time since last request: 0.000024 seconds.
  path: Assets/Materials/Standard Assets/Prototyping/Models/CubePrototype04x04x04.fbx
  artifactKey: Guid(3f79402ff4ca9c54d96a09d1a77540d5) Importer(815301076,1909f56bfc062723c751e8b465ee728b)
Start importing Assets/Materials/Standard Assets/Prototyping/Models/CubePrototype04x04x04.fbx using Guid(3f79402ff4ca9c54d96a09d1a77540d5) Importer(815301076,1909f56bfc062723c751e8b465ee728b)  -> (artifact id: 'c029f3fa47897efbbce6317d3dcff1c3') in 0.031191 seconds
Number of updated asset objects reloaded before import = 0
Number of asset objects unloaded after import = 10
========================================================================
Received Import Request.
  Time since last request: 3.142716 seconds.
  path: Assets/Standard Assets/Prototyping/Prefabs/CubePrototype04x04x04.prefab
  artifactKey: Guid(babca9ca4587b994dae4b8109f4bbadd) Importer(815301076,1909f56bfc062723c751e8b465ee728b)
Start importing Assets/Standard Assets/Prototyping/Prefabs/CubePrototype04x04x04.prefab using Guid(babca9ca4587b994dae4b8109f4bbadd) Importer(815301076,1909f56bfc062723c751e8b465ee728b)  -> (artifact id: 'c16a9e3c13597b4fadf53542758593d0') in 0.054630 seconds
Number of updated asset objects reloaded before import = 0
Number of asset objects unloaded after import = 11
========================================================================
Received Import Request.
  Time since last request: 0.181692 seconds.
  path: Assets/Materials/Standard Assets/Prototyping/Prefabs/CubePrototype08x08x08.prefab
  artifactKey: Guid(90d8e09703679534295bd2cacb73d6de) Importer(815301076,1909f56bfc062723c751e8b465ee728b)
Start importing Assets/Materials/Standard Assets/Prototyping/Prefabs/CubePrototype08x08x08.prefab using Guid(90d8e09703679534295bd2cacb73d6de) Importer(815301076,1909f56bfc062723c751e8b465ee728b)  -> (artifact id: 'aa045d32371ea99b523b1c2c910b5051') in 0.052898 seconds
Number of updated asset objects reloaded before import = 0
Number of asset objects unloaded after import = 11
========================================================================
Received Import Request.
  Time since last request: 0.000067 seconds.
  path: Assets/Materials/Standard Assets/Prototyping/Models/CubePrototype08x08x08.fbx
  artifactKey: Guid(c09052c9b19f0ea4987bc4f4f981252f) Importer(815301076,1909f56bfc062723c751e8b465ee728b)
Start importing Assets/Materials/Standard Assets/Prototyping/Models/CubePrototype08x08x08.fbx using Guid(c09052c9b19f0ea4987bc4f4f981252f) Importer(815301076,1909f56bfc062723c751e8b465ee728b)  -> (artifact id: '1ed91d60422f8a83c53d414f7f976f54') in 0.065860 seconds
Number of updated asset objects reloaded before import = 0
Number of asset objects unloaded after import = 10
========================================================================
Received Import Request.
  Time since last request: 0.352303 seconds.
  path: Assets/Standard Assets/ParticleSystems/Prefabs/DustStorm.prefab
  artifactKey: Guid(88a89ef3688c8c045b6733a40283f03b) Importer(815301076,1909f56bfc062723c751e8b465ee728b)
Start importing Assets/Standard Assets/ParticleSystems/Prefabs/DustStorm.prefab using Guid(88a89ef3688c8c045b6733a40283f03b) Importer(815301076,1909f56bfc062723c751e8b465ee728b)  -> (artifact id: '34e06f2be7c00173e9299a9659fa69f6') in 0.097157 seconds
Number of updated asset objects reloaded before import = 0
Number of asset objects unloaded after import = 8
========================================================================
Received Import Request.
  Time since last request: 0.000022 seconds.
  path: Assets/Materials/Standard Assets/ParticleSystems/Prefabs/Explosion.prefab
  artifactKey: Guid(031d08f52af1daa4f929b85221519426) Importer(815301076,1909f56bfc062723c751e8b465ee728b)
Start importing Assets/Materials/Standard Assets/ParticleSystems/Prefabs/Explosion.prefab using Guid(031d08f52af1daa4f929b85221519426) Importer(815301076,1909f56bfc062723c751e8b465ee728b)  -> (artifact id: '24a3cadae02a24959b3edc18a0206ece') in 0.056427 seconds
Number of updated asset objects reloaded before import = 0
Number of asset objects unloaded after import = 52
========================================================================
Received Import Request.
  Time since last request: 0.000041 seconds.
  path: Assets/Standard Assets/ParticleSystems/Prefabs/DustStormMobile.prefab
  artifactKey: Guid(7866fe0cec86e8347a9dd3f4a938582b) Importer(815301076,1909f56bfc062723c751e8b465ee728b)
Start importing Assets/Standard Assets/ParticleSystems/Prefabs/DustStormMobile.prefab using Guid(7866fe0cec86e8347a9dd3f4a938582b) Importer(815301076,1909f56bfc062723c751e8b465ee728b)  -> (artifact id: '257ee828066ecb8959cbeefbf8cc88d9') in 0.009225 seconds
Number of updated asset objects reloaded before import = 0
Number of asset objects unloaded after import = 8
========================================================================
Received Import Request.
  Time since last request: 0.000017 seconds.
  path: Assets/Materials/Standard Assets/Characters/ThirdPersonCharacter/Models/Ethan.fbx
  artifactKey: Guid(b235179bd2a63d1468dd430670338c55) Importer(815301076,1909f56bfc062723c751e8b465ee728b)
Start importing Assets/Materials/Standard Assets/Characters/ThirdPersonCharacter/Models/Ethan.fbx using Guid(b235179bd2a63d1468dd430670338c55) Importer(815301076,1909f56bfc062723c751e8b465ee728b)  -> (artifact id: 'af70627f0eb1fc9a70b40d27be2c2a70') in 0.096023 seconds
Number of updated asset objects reloaded before import = 0
Number of asset objects unloaded after import = 179
========================================================================
Received Import Request.
  Time since last request: 0.197521 seconds.
  path: Assets/Standard Assets/ParticleSystems/Prefabs/ExplosionMobile.prefab
  artifactKey: Guid(f056b887143d7c74cad84c57bb2c63ac) Importer(815301076,1909f56bfc062723c751e8b465ee728b)
Start importing Assets/Standard Assets/ParticleSystems/Prefabs/ExplosionMobile.prefab using Guid(f056b887143d7c74cad84c57bb2c63ac) Importer(815301076,1909f56bfc062723c751e8b465ee728b)  -> (artifact id: '5e98169a40ef0f0fa5ae795ab31cb6f2') in 0.150718 seconds
Number of updated asset objects reloaded before import = 0
Number of asset objects unloaded after import = 26
========================================================================
Received Import Request.
  Time since last request: 0.000064 seconds.
  path: Assets/Materials/Standard Assets/ParticleSystems/Prefabs/FireComplex.prefab
  artifactKey: Guid(bf495eacf58e31146ab012aa89ac68da) Importer(815301076,1909f56bfc062723c751e8b465ee728b)
Start importing Assets/Materials/Standard Assets/ParticleSystems/Prefabs/FireComplex.prefab using Guid(bf495eacf58e31146ab012aa89ac68da) Importer(815301076,1909f56bfc062723c751e8b465ee728b)  -> (artifact id: '467846e9461e23a01d5b380b5defd0ee') in 0.119448 seconds
Number of updated asset objects reloaded before import = 0
Number of asset objects unloaded after import = 51
========================================================================
Received Import Request.
  Time since last request: 0.000039 seconds.
  path: Assets/Standard Assets/ParticleSystems/Prefabs/FireMobile.prefab
  artifactKey: Guid(44afbd635443f70478d2ccf7d0f999e2) Importer(815301076,1909f56bfc062723c751e8b465ee728b)
Start importing Assets/Standard Assets/ParticleSystems/Prefabs/FireMobile.prefab using Guid(44afbd635443f70478d2ccf7d0f999e2) Importer(815301076,1909f56bfc062723c751e8b465ee728b)  -> (artifact id: '9b148b4f234e0bcad158878aa24e4037') in 0.010889 seconds
Number of updated asset objects reloaded before import = 0
Number of asset objects unloaded after import = 24
========================================================================
Received Import Request.
  Time since last request: 0.000020 seconds.
  path: Assets/Standard Assets/2D/Prefabs/ExtentsLeft.prefab
  artifactKey: Guid(e2a52b503a054204480b6a42cdb4a3ce) Importer(815301076,1909f56bfc062723c751e8b465ee728b)
Start importing Assets/Standard Assets/2D/Prefabs/ExtentsLeft.prefab using Guid(e2a52b503a054204480b6a42cdb4a3ce) Importer(815301076,1909f56bfc062723c751e8b465ee728b)  -> (artifact id: 'c174111143f934377150400d33dd2c2e') in 0.019785 seconds
Number of updated asset objects reloaded before import = 0
Number of asset objects unloaded after import = 34
========================================================================
Received Import Request.
  Time since last request: 0.000018 seconds.
  path: Assets/Standard Assets/ParticleSystems/Prefabs/Fireworks.prefab
  artifactKey: Guid(25b9f836e01f0614f9e5fff382853062) Importer(815301076,1909f56bfc062723c751e8b465ee728b)
Start importing Assets/Standard Assets/ParticleSystems/Prefabs/Fireworks.prefab using Guid(25b9f836e01f0614f9e5fff382853062) Importer(815301076,1909f56bfc062723c751e8b465ee728b)  -> (artifact id: '40d5d90d6d3b6249a41ec71585983e9a') in 0.012716 seconds
Number of updated asset objects reloaded before import = 0
Number of asset objects unloaded after import = 36
========================================================================
Received Import Request.
  Time since last request: 0.000017 seconds.
  path: Assets/Materials/Standard Assets/2D/Prefabs/ExtentsRight.prefab
  artifactKey: Guid(b241b59d6a89aff4fbf0bce77e644761) Importer(815301076,1909f56bfc062723c751e8b465ee728b)
Start importing Assets/Materials/Standard Assets/2D/Prefabs/ExtentsRight.prefab using Guid(b241b59d6a89aff4fbf0bce77e644761) Importer(815301076,1909f56bfc062723c751e8b465ee728b)  -> (artifact id: 'fd6d52e313b27a9289ef60b267001ead') in 0.012685 seconds
Number of updated asset objects reloaded before import = 0
Number of asset objects unloaded after import = 40
========================================================================
Received Import Request.
  Time since last request: 17.072063 seconds.
  path: Assets/Standard Assets/Characters/ThirdPersonCharacter/Animation/HumanoidWalk.fbx
  artifactKey: Guid(f3e97b3ab78f4e842a99b0dd40793b2d) Importer(815301076,1909f56bfc062723c751e8b465ee728b)
Start importing Assets/Standard Assets/Characters/ThirdPersonCharacter/Animation/HumanoidWalk.fbx using Guid(f3e97b3ab78f4e842a99b0dd40793b2d) Importer(815301076,1909f56bfc062723c751e8b465ee728b)  -> (artifact id: '845ce9c1a731f49bb50cad3660fd416b') in 0.022179 seconds
Number of updated asset objects reloaded before import = 0
Number of asset objects unloaded after import = 157
========================================================================
Received Import Request.
  Time since last request: 0.000053 seconds.
  path: Assets/Materials/Standard Assets/Characters/ThirdPersonCharacter/Animation/HumanoidWalkTurn.fbx
  artifactKey: Guid(1c52c953c83c2254a9fa72d50250f028) Importer(815301076,1909f56bfc062723c751e8b465ee728b)
Start importing Assets/Materials/Standard Assets/Characters/ThirdPersonCharacter/Animation/HumanoidWalkTurn.fbx using Guid(1c52c953c83c2254a9fa72d50250f028) Importer(815301076,1909f56bfc062723c751e8b465ee728b)  -> (artifact id: '12e9c0504f5cac9c62017e64d854e736') in 0.029131 seconds
Number of updated asset objects reloaded before import = 0
Number of asset objects unloaded after import = 158
========================================================================
Received Import Request.
  Time since last request: 0.000055 seconds.
  path: Assets/Standard Assets/Characters/ThirdPersonCharacter/Animation/HumanoidWalkTurnSharp.fbx
  artifactKey: Guid(035554511b5503f429d0178af7a73ba1) Importer(815301076,1909f56bfc062723c751e8b465ee728b)
Start importing Assets/Standard Assets/Characters/ThirdPersonCharacter/Animation/HumanoidWalkTurnSharp.fbx using Guid(035554511b5503f429d0178af7a73ba1) Importer(815301076,1909f56bfc062723c751e8b465ee728b)  -> (artifact id: 'd289ebd6181b22e9fed6d46127e839ab') in 0.030491 seconds
Number of updated asset objects reloaded before import = 0
Number of asset objects unloaded after import = 158
========================================================================
Received Import Request.
  Time since last request: 0.724718 seconds.
  path: Assets/Materials/Standard Assets/Environment/Water/Water4/Prefabs/Water4Advanced.prefab
  artifactKey: Guid(b544816461f324e56a39767fdeb5b114) Importer(815301076,1909f56bfc062723c751e8b465ee728b)
Start importing Assets/Materials/Standard Assets/Environment/Water/Water4/Prefabs/Water4Advanced.prefab using Guid(b544816461f324e56a39767fdeb5b114) Importer(815301076,1909f56bfc062723c751e8b465ee728b)  -> (artifact id: '0fe240ace46bdfc67b287a5c10e1643b') in 0.060624 seconds
Number of updated asset objects reloaded before import = 0
Number of asset objects unloaded after import = 35
========================================================================
Received Import Request.
  Time since last request: 0.000062 seconds.
  path: Assets/Materials/Standard Assets/Environment/Water (Basic)/Prefabs/WaterBasicDaytime.prefab
  artifactKey: Guid(9485b0c79d11e2e4d0007da98d76c639) Importer(815301076,1909f56bfc062723c751e8b465ee728b)
Start importing Assets/Materials/Standard Assets/Environment/Water (Basic)/Prefabs/WaterBasicDaytime.prefab using Guid(9485b0c79d11e2e4d0007da98d76c639) Importer(815301076,1909f56bfc062723c751e8b465ee728b)  -> (artifact id: 'e771f1efc5254ccc308ec43b681b43ca') in 0.114211 seconds
Number of updated asset objects reloaded before import = 0
Number of asset objects unloaded after import = 12
========================================================================
Received Import Request.
  Time since last request: 0.000034 seconds.
  path: Assets/Materials/Standard Assets/Environment/Water (Basic)/Prefabs/WaterBasicNightime.prefab
  artifactKey: Guid(6b436d069d11415d1100ab9b44295342) Importer(815301076,1909f56bfc062723c751e8b465ee728b)
Start importing Assets/Materials/Standard Assets/Environment/Water (Basic)/Prefabs/WaterBasicNightime.prefab using Guid(6b436d069d11415d1100ab9b44295342) Importer(815301076,1909f56bfc062723c751e8b465ee728b)  -> (artifact id: 'b690edadb5daf9e3552859556432960a') in 0.028124 seconds
Number of updated asset objects reloaded before import = 0
Number of asset objects unloaded after import = 11
========================================================================
Received Import Request.
  Time since last request: 0.000032 seconds.
  path: Assets/Standard Assets/Environment/Water/Water4/Prefabs/Water4Simple.prefab
  artifactKey: Guid(2a952385626231b4596900cf91c48d68) Importer(815301076,1909f56bfc062723c751e8b465ee728b)
Start importing Assets/Standard Assets/Environment/Water/Water4/Prefabs/Water4Simple.prefab using Guid(2a952385626231b4596900cf91c48d68) Importer(815301076,1909f56bfc062723c751e8b465ee728b)  -> (artifact id: '2663c962c507a9d6e73825581a5aab4d') in 0.013777 seconds
Number of updated asset objects reloaded before import = 0
Number of asset objects unloaded after import = 24
========================================================================
Received Import Request.
  Time since last request: 1.794103 seconds.
  path: Assets/Materials/Standard Assets/Environment/Water (Basic)/Models/WaterBasicPlane.fbx
  artifactKey: Guid(ce8d79c79d11b8f9d00076e98d76c639) Importer(815301076,1909f56bfc062723c751e8b465ee728b)
Start importing Assets/Materials/Standard Assets/Environment/Water (Basic)/Models/WaterBasicPlane.fbx using Guid(ce8d79c79d11b8f9d00076e98d76c639) Importer(815301076,1909f56bfc062723c751e8b465ee728b)  -> (artifact id: 'f99de3c334478972e4634c351b74cd84') in 0.401626 seconds
Number of updated asset objects reloaded before import = 0
Number of asset objects unloaded after import = 8
========================================================================
Received Import Request.
  Time since last request: 47.879443 seconds.
  path: Assets/Materials/Standard Assets/Environment/Water
  artifactKey: Guid(4f65f58f1750429468db4bef75317815) Importer(815301076,1909f56bfc062723c751e8b465ee728b)
Start importing Assets/Materials/Standard Assets/Environment/Water using Guid(4f65f58f1750429468db4bef75317815) Importer(815301076,1909f56bfc062723c751e8b465ee728b)  -> (artifact id: 'f029a89892cb6726572d178cd8a264ca') in 0.000832 seconds
Number of updated asset objects reloaded before import = 0
Number of asset objects unloaded after import = 0
========================================================================
Received Import Request.
  Time since last request: 1.532617 seconds.
  path: Assets/Materials/Standard Assets/Environment/Water/Water
  artifactKey: Guid(e2e84b28786ce854391d79fb76df820b) Importer(815301076,1909f56bfc062723c751e8b465ee728b)
Start importing Assets/Materials/Standard Assets/Environment/Water/Water using Guid(e2e84b28786ce854391d79fb76df820b) Importer(815301076,1909f56bfc062723c751e8b465ee728b)  -> (artifact id: '610b9c88aa05955c1d36a7543f4466cb') in 0.000730 seconds
Number of updated asset objects reloaded before import = 0
Number of asset objects unloaded after import = 0
========================================================================
Received Import Request.
  Time since last request: 5.393407 seconds.
  path: Assets/Materials/Standard Assets/Environment/TerrainAssets/SurfaceTextures
  artifactKey: Guid(4f9d71771b07cb6438e0d35b038b43a7) Importer(815301076,1909f56bfc062723c751e8b465ee728b)
Start importing Assets/Materials/Standard Assets/Environment/TerrainAssets/SurfaceTextures using Guid(4f9d71771b07cb6438e0d35b038b43a7) Importer(815301076,1909f56bfc062723c751e8b465ee728b)  -> (artifact id: 'c2bee20a69f8a7a39a11dbcde10ef443') in 0.000698 seconds
Number of updated asset objects reloaded before import = 0
Number of asset objects unloaded after import = 0
========================================================================
Received Import Request.
  Time since last request: 0.179862 seconds.
  path: Assets/Materials/Standard Assets/Environment/TerrainAssets/SurfaceTextures/CliffAlbedoSpecular.psd
  artifactKey: Guid(18214e9d6af6248559d501391856f1c7) Importer(815301076,1909f56bfc062723c751e8b465ee728b)
Start importing Assets/Materials/Standard Assets/Environment/TerrainAssets/SurfaceTextures/CliffAlbedoSpecular.psd using Guid(18214e9d6af6248559d501391856f1c7) Importer(815301076,1909f56bfc062723c751e8b465ee728b)  -> (artifact id: 'e7c43b6c855c998d6fb05d0d833ba537') in 0.028265 seconds
Number of updated asset objects reloaded before import = 0
Number of asset objects unloaded after import = 2
========================================================================
Received Import Request.
  Time since last request: 0.000032 seconds.
  path: Assets/Materials/Standard Assets/Environment/TerrainAssets/SurfaceTextures/MudRockyNormals.bmp
  artifactKey: Guid(58a059b07b093a745b47c2191525ddce) Importer(815301076,1909f56bfc062723c751e8b465ee728b)
Start importing Assets/Materials/Standard Assets/Environment/TerrainAssets/SurfaceTextures/MudRockyNormals.bmp using Guid(58a059b07b093a745b47c2191525ddce) Importer(815301076,1909f56bfc062723c751e8b465ee728b)  -> (artifact id: '9e7bcf47126088421c2a0b70d4207991') in 0.046590 seconds
Number of updated asset objects reloaded before import = 0
Number of asset objects unloaded after import = 2
========================================================================
Received Import Request.
  Time since last request: 0.000038 seconds.
  path: Assets/Materials/Standard Assets/Environment/TerrainAssets/SurfaceTextures/GrassRockyAlbedo.psd
  artifactKey: Guid(440eb36db91ca410f800ff3cfe43572f) Importer(815301076,1909f56bfc062723c751e8b465ee728b)
Start importing Assets/Materials/Standard Assets/Environment/TerrainAssets/SurfaceTextures/GrassRockyAlbedo.psd using Guid(440eb36db91ca410f800ff3cfe43572f) Importer(815301076,1909f56bfc062723c751e8b465ee728b)  -> (artifact id: '68e59950bcb304e36ce26393339024e1') in 0.034669 seconds
Number of updated asset objects reloaded before import = 0
Number of asset objects unloaded after import = 2
========================================================================
Received Import Request.
  Time since last request: 9.530797 seconds.
  path: Assets/Materials/Standard Assets/Characters/ThirdPersonCharacter/Animation/HumanoidJumpAndFall.fbx
  artifactKey: Guid(51dd2e4c869794f75a0df7d54b210214) Importer(815301076,1909f56bfc062723c751e8b465ee728b)
Start importing Assets/Materials/Standard Assets/Characters/ThirdPersonCharacter/Animation/HumanoidJumpAndFall.fbx using Guid(51dd2e4c869794f75a0df7d54b210214) Importer(815301076,1909f56bfc062723c751e8b465ee728b)  -> (artifact id: '3fac7422422371940e0888e57429b4e6') in 0.027857 seconds
Number of updated asset objects reloaded before import = 0
Number of asset objects unloaded after import = 160
========================================================================
Received Import Request.
  Time since last request: 0.000071 seconds.
  path: Assets/Standard Assets/Environment/SpeedTree/Palm/Palm_Desktop.spm
  artifactKey: Guid(d65bba71338db7049abeceaf58567f6f) Importer(815301076,1909f56bfc062723c751e8b465ee728b)
Start importing Assets/Standard Assets/Environment/SpeedTree/Palm/Palm_Desktop.spm using Guid(d65bba71338db7049abeceaf58567f6f) Importer(815301076,1909f56bfc062723c751e8b465ee728b)  -> (artifact id: '75ea7458833aa2c0c85b25edcc027e69') in 0.238378 seconds
Number of updated asset objects reloaded before import = 0
Number of asset objects unloaded after import = 53
